<?xml version="1.0" encoding="UTF-8"?>
<!-- Generated by org.testng.reporters.JUnitReportReporter -->
<testsuite hostname="DESKTOP-6BCGIB4" failures="0" tests="4" name="AutomationFramework.tests.SubmitorderTest" time="40.955" errors="0" timestamp="2025-02-08T19:23:56 IST" skipped="0">
  <testcase classname="AutomationFramework.tests.SubmitorderTest" name="submitorder" time="19.356"/>
  <system-out/>
  <testcase classname="AutomationFramework.tests.SubmitorderTest" name="submitorder" time="15.766"/>
  <system-out/>
  <testcase classname="AutomationFramework.tests.SubmitorderTest" name="Verifyorder" time="2.969"/>
  <system-out/>
  <testcase classname="AutomationFramework.tests.SubmitorderTest" name="Verifyorder" time="2.864"/>
  <system-out/>
</testsuite> <!-- AutomationFramework.tests.SubmitorderTest -->
