<?xml version="1.0" encoding="UTF-8"?>
<!-- Generated by org.testng.reporters.JUnitReportReporter -->
<testsuite hostname="DESKTOP-6BCGIB4" failures="0" tests="2" name="cucumber.TestNgTestRunner" time="40.933" errors="0" timestamp="2025-02-08T19:50:06 IST" skipped="0">
  <testcase classname="cucumber.TestNgTestRunner" name="runScenario" time="21.749"/>
  <system-out/>
  <testcase classname="cucumber.TestNgTestRunner" name="runScenario" time="19.184"/>
  <system-out/>
</testsuite> <!-- cucumber.TestNgTestRunner -->
