<?xml version="1.0" encoding="UTF-8"?>
<!-- Generated by org.testng.reporters.JUnitReportReporter -->
<testsuite hostname="DESKTOP-6BCGIB4" failures="0" tests="2" name="AutomationFramework.tests.ErrorValidationTest" time="26.473" errors="0" timestamp="2025-02-09T14:15:51 IST" skipped="0">
  <testcase classname="AutomationFramework.tests.ErrorValidationTest" name="ProductErrorValidation" time="20.721"/>
  <testcase classname="AutomationFramework.tests.ErrorValidationTest" name="incorrectCreds" time="5.752"/>
</testsuite> <!-- AutomationFramework.tests.ErrorValidationTest -->
