<?xml version="1.0" encoding="UTF-8"?>
<!-- Generated by org.testng.reporters.JUnitReportReporter -->
<testsuite hostname="DESKTOP-6BCGIB4" failures="0" tests="4" name="AutomationFramework.tests.SubmitorderTest" time="47.975" errors="0" timestamp="2025-02-09T11:30:39 IST" skipped="0">
  <testcase classname="AutomationFramework.tests.SubmitorderTest" name="Verifyorder" time="3.816"/>
  <testcase classname="AutomationFramework.tests.SubmitorderTest" name="Verifyorder" time="7.082"/>
  <testcase classname="AutomationFramework.tests.SubmitorderTest" name="submitorder" time="18.690"/>
  <testcase classname="AutomationFramework.tests.SubmitorderTest" name="submitorder" time="18.387"/>
</testsuite> <!-- AutomationFramework.tests.SubmitorderTest -->
